d:\coursera\freertos\a1\freertosv10.0.1\freertos\demo\win32-msvc\debug\vc142.pdb
d:\coursera\freertos\a1\freertosv10.0.1\freertos\demo\win32-msvc\debug\vc142.idb
d:\coursera\freertos\a1\freertosv10.0.1\freertos\demo\win32-msvc\debug\qpeek.obj
d:\coursera\freertos\a1\freertosv10.0.1\freertos\demo\win32-msvc\debug\queueoverwrite.obj
d:\coursera\freertos\a1\freertosv10.0.1\freertos\demo\win32-msvc\debug\queueset.obj
d:\coursera\freertos\a1\freertosv10.0.1\freertos\demo\win32-msvc\debug\queuesetpolling.obj
d:\coursera\freertos\a1\freertosv10.0.1\freertos\demo\win32-msvc\debug\recmutex.obj
d:\coursera\freertos\a1\freertosv10.0.1\freertos\demo\win32-msvc\debug\semtest.obj
d:\coursera\freertos\a1\freertosv10.0.1\freertos\demo\win32-msvc\debug\staticallocation.obj
d:\coursera\freertos\a1\freertosv10.0.1\freertos\demo\win32-msvc\debug\messagebufferdemo.obj
d:\coursera\freertos\a1\freertosv10.0.1\freertos\demo\win32-msvc\debug\streambufferdemo.obj
d:\coursera\freertos\a1\freertosv10.0.1\freertos\demo\win32-msvc\debug\streambufferinterrupt.obj
d:\coursera\freertos\a1\freertosv10.0.1\freertos\demo\win32-msvc\debug\tasknotify.obj
d:\coursera\freertos\a1\freertosv10.0.1\freertos\demo\win32-msvc\debug\timerdemo.obj
d:\coursera\freertos\a1\freertosv10.0.1\freertos\demo\win32-msvc\debug\list.obj
d:\coursera\freertos\a1\freertosv10.0.1\freertos\demo\win32-msvc\debug\port.obj
d:\coursera\freertos\a1\freertosv10.0.1\freertos\demo\win32-msvc\debug\queue.obj
d:\coursera\freertos\a1\freertosv10.0.1\freertos\demo\win32-msvc\debug\tasks.obj
d:\coursera\freertos\a1\freertosv10.0.1\freertos\demo\win32-msvc\debug\main_blinky.obj
d:\coursera\freertos\a1\freertosv10.0.1\freertos\demo\win32-msvc\debug\main_full.obj
d:\coursera\freertos\a1\freertosv10.0.1\freertos\demo\win32-msvc\debug\run-time-stats-utils.obj
d:\coursera\freertos\a1\freertosv10.0.1\freertos\demo\win32-msvc\debug\trckernelport.obj
d:\coursera\freertos\a1\freertosv10.0.1\freertos\demo\win32-msvc\debug\trcsnapshotrecorder.obj
d:\coursera\freertos\a1\freertosv10.0.1\freertos\demo\win32-msvc\debug\croutine.obj
d:\coursera\freertos\a1\freertosv10.0.1\freertos\demo\win32-msvc\debug\event_groups.obj
d:\coursera\freertos\a1\freertosv10.0.1\freertos\demo\win32-msvc\debug\heap_5.obj
d:\coursera\freertos\a1\freertosv10.0.1\freertos\demo\win32-msvc\debug\stream_buffer.obj
d:\coursera\freertos\a1\freertosv10.0.1\freertos\demo\win32-msvc\debug\timers.obj
d:\coursera\freertos\a1\freertosv10.0.1\freertos\demo\win32-msvc\debug\abortdelay.obj
d:\coursera\freertos\a1\freertosv10.0.1\freertos\demo\win32-msvc\debug\blockq.obj
d:\coursera\freertos\a1\freertosv10.0.1\freertos\demo\win32-msvc\debug\blocktim.obj
d:\coursera\freertos\a1\freertosv10.0.1\freertos\demo\win32-msvc\debug\countsem.obj
d:\coursera\freertos\a1\freertosv10.0.1\freertos\demo\win32-msvc\debug\death.obj
d:\coursera\freertos\a1\freertosv10.0.1\freertos\demo\win32-msvc\debug\dynamic.obj
d:\coursera\freertos\a1\freertosv10.0.1\freertos\demo\win32-msvc\debug\eventgroupsdemo.obj
d:\coursera\freertos\a1\freertosv10.0.1\freertos\demo\win32-msvc\debug\flop.obj
d:\coursera\freertos\a1\freertosv10.0.1\freertos\demo\win32-msvc\debug\genqtest.obj
d:\coursera\freertos\a1\freertosv10.0.1\freertos\demo\win32-msvc\debug\integer.obj
d:\coursera\freertos\a1\freertosv10.0.1\freertos\demo\win32-msvc\debug\intsemtest.obj
d:\coursera\freertos\a1\freertosv10.0.1\freertos\demo\win32-msvc\debug\messagebufferamp.obj
d:\coursera\freertos\a1\freertosv10.0.1\freertos\demo\win32-msvc\debug\pollq.obj
d:\coursera\freertos\a1\freertosv10.0.1\freertos\demo\win32-msvc\debug\main.obj
d:\coursera\freertos\a1\freertosv10.0.1\freertos\demo\win32-msvc\debug\rtosdemo.exe
d:\coursera\freertos\a1\freertosv10.0.1\freertos\demo\win32-msvc\debug\rtosdemo.ilk
d:\coursera\freertos\a1\freertosv10.0.1\freertos\demo\win32-msvc\debug\win32.pdb
d:\coursera\freertos\a1\freertosv10.0.1\freertos\demo\win32-msvc\debug\rtosdemo.tlog\cl.command.1.tlog
d:\coursera\freertos\a1\freertosv10.0.1\freertos\demo\win32-msvc\debug\rtosdemo.tlog\cl.read.1.tlog
d:\coursera\freertos\a1\freertosv10.0.1\freertos\demo\win32-msvc\debug\rtosdemo.tlog\cl.write.1.tlog
d:\coursera\freertos\a1\freertosv10.0.1\freertos\demo\win32-msvc\debug\rtosdemo.tlog\link.command.1.tlog
d:\coursera\freertos\a1\freertosv10.0.1\freertos\demo\win32-msvc\debug\rtosdemo.tlog\link.read.1.tlog
d:\coursera\freertos\a1\freertosv10.0.1\freertos\demo\win32-msvc\debug\rtosdemo.tlog\link.write.1.tlog
